{"numTotalTestSuites":95,"numPassedTestSuites":95,"numFailedTestSuites":0,"numPendingTestSuites":0,"numTotalTests":329,"numPassedTests":329,"numFailedTests":0,"numPendingTests":0,"numTodoTests":0,"snapshot":{"added":0,"failure":false,"filesAdded":0,"filesRemoved":0,"filesRemovedList":[],"filesUnmatched":0,"filesUpdated":0,"matched":0,"total":0,"unchecked":0,"uncheckedKeysByFile":[],"unmatched":0,"updated":0,"didUpdate":false},"startTime":1783997432277,"success":true,"testResults":[{"assertionResults":[{"ancestorTitles":["createSession"],"fullName":"createSession POSTs to /v1/chat/sessions and returns the 201 full session","status":"passed","title":"POSTs to /v1/chat/sessions and returns the 201 full session","duration":45.49862500000006,"failureMessages":[],"meta":{}},{"ancestorTitles":["createSession"],"fullName":"createSession sends ONLY {mode,model,effort} — never id, cwd or workspace","status":"passed","title":"sends ONLY {mode,model,effort} — never id, cwd or workspace","duration":23.87149999999997,"failureMessages":[],"meta":{}},{"ancestorTitles":["createSession"],"fullName":"createSession omits absent options entirely (an empty body, not a body full of nulls)","status":"passed","title":"omits absent options entirely (an empty body, not a body full of nulls)","duration":10.11020899999994,"failureMessages":[],"meta":{}},{"ancestorTitles":["createSession"],"fullName":"createSession carries the Bearer token","status":"passed","title":"carries the Bearer token","duration":24.930334000000016,"failureMessages":[],"meta":{}},{"ancestorTitles":["getSession"],"fullName":"getSession reads the full session with its message rows","status":"passed","title":"reads the full session with its message rows","duration":114.16095899999993,"failureMessages":[],"meta":{}},{"ancestorTitles":["getSession"],"fullName":"getSession passes ?since= for the turn-boundary tail refetch","status":"passed","title":"passes ?since= for the turn-boundary tail refetch","duration":7.665166999999997,"failureMessages":[],"meta":{}},{"ancestorTitles":["postMessage"],"fullName":"postMessage POSTs {content} and resolves the 202 {accepted:true}","status":"passed","title":"POSTs {content} and resolves the 202 {accepted:true}","duration":27.919875000000047,"failureMessages":[],"meta":{}},{"ancestorTitles":["auth failures"],"fullName":"auth failures 403s a chat token with NO workspace binding, and says WHY","status":"passed","title":"403s a chat token with NO workspace binding, and says WHY","duration":7.3121660000000475,"failureMessages":[],"meta":{}},{"ancestorTitles":["auth failures"],"fullName":"auth failures never retries a 403 (auth is terminal)","status":"passed","title":"never retries a 403 (auth is terminal)","duration":2.9126249999999345,"failureMessages":[],"meta":{}},{"ancestorTitles":["auth failures"],"fullName":"auth failures never retries a 401","status":"passed","title":"never retries a 401","duration":2.7911249999999654,"failureMessages":[],"meta":{}},{"ancestorTitles":["auth failures"],"fullName":"auth failures surfaces the request_id from the error envelope","status":"passed","title":"surfaces the request_id from the error envelope","duration":1.4513749999999845,"failureMessages":[],"meta":{}},{"ancestorTitles":["retry — keyed off error.code, not the raw status"],"fullName":"retry — keyed off error.code, not the raw status retries a transient chat_unavailable and then succeeds","status":"passed","title":"retries a transient chat_unavailable and then succeeds","duration":3.3500830000000406,"failureMessages":[],"meta":{}},{"ancestorTitles":["retry — keyed off error.code, not the raw status"],"fullName":"retry — keyed off error.code, not the raw status gives up after maxRetries and throws the typed error","status":"passed","title":"gives up after maxRetries and throws the typed error","duration":5.996958999999947,"failureMessages":[],"meta":{}},{"ancestorTitles":["retry — keyed off error.code, not the raw status"],"fullName":"retry — keyed off error.code, not the raw status does NOT retry a 400 invalid_request (a client bug is terminal)","status":"passed","title":"does NOT retry a 400 invalid_request (a client bug is terminal)","duration":2.702374999999961,"failureMessages":[],"meta":{}},{"ancestorTitles":["retry — keyed off error.code, not the raw status"],"fullName":"retry — keyed off error.code, not the raw status does NOT retry an unknown 5xx code (only known-transient codes retry)","status":"passed","title":"does NOT retry an unknown 5xx code (only known-transient codes retry)","duration":1.4635000000000673,"failureMessages":[],"meta":{}},{"ancestorTitles":["retry — keyed off error.code, not the raw status"],"fullName":"retry — keyed off error.code, not the raw status does NOT replay a POST after a transport failure (it may have already landed)","status":"passed","title":"does NOT replay a POST after a transport failure (it may have already landed)","duration":3.734291999999982,"failureMessages":[],"meta":{}},{"ancestorTitles":["retry — keyed off error.code, not the raw status"],"fullName":"retry — keyed off error.code, not the raw status does NOT replay a postMessage after a transport failure (no double-send)","status":"passed","title":"does NOT replay a postMessage after a transport failure (no double-send)","duration":0.61262499999998,"failureMessages":[],"meta":{}},{"ancestorTitles":["retry — keyed off error.code, not the raw status"],"fullName":"retry — keyed off error.code, not the raw status DOES retry a transport failure on an idempotent GET","status":"passed","title":"DOES retry a transport failure on an idempotent GET","duration":2.4161249999999654,"failureMessages":[],"meta":{}},{"ancestorTitles":["retry — keyed off error.code, not the raw status"],"fullName":"retry — keyed off error.code, not the raw status still retries a chat_unavailable on a POST (the server proved it refused the work)","status":"passed","title":"still retries a chat_unavailable on a POST (the server proved it refused the work)","duration":1.6159169999999676,"failureMessages":[],"meta":{}}],"startTime":1783997433746,"endTime":1783997434047.616,"status":"passed","message":"","name":"/Volumes/SATECHI/github/barkpark/.claude/worktrees/wf_5038b4f1-66a-39/connectors/test/client.test.ts"},{"assertionResults":[{"ancestorTitles":["CONNECTORS_HTTP_ADDR — the address the deploy actually writes"],"fullName":"CONNECTORS_HTTP_ADDR — the address the deploy actually writes parses host:port, which is the literal line in /etc/barkpark/connectors.env","status":"passed","title":"parses host:port, which is the literal line in /etc/barkpark/connectors.env","duration":1.978749999999991,"failureMessages":[],"meta":{}},{"ancestorTitles":["CONNECTORS_HTTP_ADDR — the address the deploy actually writes"],"fullName":"CONNECTORS_HTTP_ADDR — the address the deploy actually writes binds LOOPBACK by default — never every interface","status":"passed","title":"binds LOOPBACK by default — never every interface","duration":0.4066659999999729,"failureMessages":[],"meta":{}},{"ancestorTitles":["CONNECTORS_HTTP_ADDR — the address the deploy actually writes"],"fullName":"CONNECTORS_HTTP_ADDR — the address the deploy actually writes accepts a bare port, and IPv6 in bracket form","status":"passed","title":"accepts a bare port, and IPv6 in bracket form","duration":1.197166999999979,"failureMessages":[],"meta":{}},{"ancestorTitles":["CONNECTORS_HTTP_ADDR — the address the deploy actually writes"],"fullName":"CONNECTORS_HTTP_ADDR — the address the deploy actually writes THROWS on a malformed address rather than silently taking a default","status":"passed","title":"THROWS on a malformed address rather than silently taking a default","duration":0.2681249999999977,"failureMessages":[],"meta":{}},{"ancestorTitles":["CONNECTORS_HTTP_ADDR — the address the deploy actually writes"],"fullName":"CONNECTORS_HTTP_ADDR — the address the deploy actually writes keeps the path prefix the bridge owns — Caddy does NOT strip it","status":"passed","title":"keeps the path prefix the bridge owns — Caddy does NOT strip it","duration":0.08491699999996172,"failureMessages":[],"meta":{}}],"startTime":1783997434651,"endTime":1783997434655.085,"status":"passed","message":"","name":"/Volumes/SATECHI/github/barkpark/.claude/worktrees/wf_5038b4f1-66a-39/connectors/test/config.test.ts"},{"assertionResults":[{"ancestorTitles":["connectorRegistry"],"fullName":"connectorRegistry registers a connector and gets it back by id","status":"passed","title":"registers a connector and gets it back by id","duration":1.3610410000000002,"failureMessages":[],"meta":{}},{"ancestorTitles":["connectorRegistry"],"fullName":"connectorRegistry returns undefined for an unregistered provider (never a fallback connector)","status":"passed","title":"returns undefined for an unregistered provider (never a fallback connector)","duration":0.3544169999999838,"failureMessages":[],"meta":{}},{"ancestorTitles":["connectorRegistry"],"fullName":"connectorRegistry lists connectors in registration order","status":"passed","title":"lists connectors in registration order","duration":0.585125000000005,"failureMessages":[],"meta":{}},{"ancestorTitles":["connectorRegistry"],"fullName":"connectorRegistry throws on a duplicate id — a shadowed connector is a tenant-isolation bug","status":"passed","title":"throws on a duplicate id — a shadowed connector is a tenant-isolation bug","duration":1.6297079999999937,"failureMessages":[],"meta":{}},{"ancestorTitles":["connectorRegistry"],"fullName":"connectorRegistry throws on an empty id","status":"passed","title":"throws on an empty id","duration":0.25095799999999713,"failureMessages":[],"meta":{}},{"ancestorTitles":["connectorRegistry"],"fullName":"connectorRegistry unregisters and clears","status":"passed","title":"unregisters and clears","duration":0.37791599999999903,"failureMessages":[],"meta":{}},{"ancestorTitles":["connectorRegistry"],"fullName":"connectorRegistry keeps registries isolated from one another","status":"passed","title":"keeps registries isolated from one another","duration":0.3167919999999924,"failureMessages":[],"meta":{}},{"ancestorTitles":["connectorRegistry"],"fullName":"connectorRegistry exposes a process-wide singleton for production registration","status":"passed","title":"exposes a process-wide singleton for production registration","duration":0.17200000000002547,"failureMessages":[],"meta":{}},{"ancestorTitles":["Connector declaration surface (charter D30)"],"fullName":"Connector declaration surface (charter D30) carries direction, auth and tenantResolution as declared metadata","status":"passed","title":"carries direction, auth and tenantResolution as declared metadata","duration":0.3330829999999878,"failureMessages":[],"meta":{}},{"ancestorTitles":["Connector declaration surface (charter D30)"],"fullName":"Connector declaration surface (charter D30) builds an adapter from THAT install's own credential (D1 isolation)","status":"passed","title":"builds an adapter from THAT install's own credential (D1 isolation)","duration":0.5119579999999928,"failureMessages":[],"meta":{}}],"startTime":1783997434428,"endTime":1783997434434.512,"status":"passed","message":"","name":"/Volumes/SATECHI/github/barkpark/.claude/worktrees/wf_5038b4f1-66a-39/connectors/test/connector-registry.test.ts"},{"assertionResults":[{"ancestorTitles":["credential cipher — round trip"],"fullName":"credential cipher — round trip opens what it sealed, for the same row identity","status":"passed","title":"opens what it sealed, for the same row identity","duration":2.218833000000018,"failureMessages":[],"meta":{}},{"ancestorTitles":["credential cipher — round trip"],"fullName":"credential cipher — round trip never stores the plaintext in the blob","status":"passed","title":"never stores the plaintext in the blob","duration":0.8962920000000167,"failureMessages":[],"meta":{}},{"ancestorTitles":["credential cipher — round trip"],"fullName":"credential cipher — round trip seals the same secret to different bytes each time (fresh IV, no equality leak)","status":"passed","title":"seals the same secret to different bytes each time (fresh IV, no equality leak)","duration":0.9809999999999945,"failureMessages":[],"meta":{}},{"ancestorTitles":["credential cipher — round trip"],"fullName":"credential cipher — round trip survives unicode and long secrets verbatim","status":"passed","title":"survives unicode and long secrets verbatim","duration":0.1812919999999849,"failureMessages":[],"meta":{}},{"ancestorTitles":["credential cipher — wire format (byte-identical to LocalKek)"],"fullName":"credential cipher — wire format (byte-identical to LocalKek) is Base64(iv(12) || tag(16) || ciphertext)","status":"passed","title":"is Base64(iv(12) || tag(16) || ciphertext)","duration":0.6423750000000155,"failureMessages":[],"meta":{}},{"ancestorTitles":["credential cipher — wire format (byte-identical to LocalKek)"],"fullName":"credential cipher — wire format (byte-identical to LocalKek) binds the AAD to the FULL row identity, prefix included","status":"passed","title":"binds the AAD to the FULL row identity, prefix included","duration":0.322667000000024,"failureMessages":[],"meta":{}},{"ancestorTitles":["credential cipher — AAD binding (the cross-tenant seal)"],"fullName":"credential cipher — AAD binding (the cross-tenant seal) REFUSES to open tenant A's blob under tenant B's identity","status":"passed","title":"REFUSES to open tenant A's blob under tenant B's identity","duration":0.9124580000000151,"failureMessages":[],"meta":{}},{"ancestorTitles":["credential cipher — AAD binding (the cross-tenant seal)"],"fullName":"credential cipher — AAD binding (the cross-tenant seal) REFUSES to open when ONLY workspace_id is flipped (the PK stays intact)","status":"passed","title":"REFUSES to open when ONLY workspace_id is flipped (the PK stays intact)","duration":0.29987500000004275,"failureMessages":[],"meta":{}},{"ancestorTitles":["credential cipher — AAD binding (the cross-tenant seal)"],"fullName":"credential cipher — AAD binding (the cross-tenant seal) REFUSES to open when only the provider is changed","status":"passed","title":"REFUSES to open when only the provider is changed","duration":0.5659580000000233,"failureMessages":[],"meta":{}},{"ancestorTitles":["credential cipher — AAD binding (the cross-tenant seal)"],"fullName":"credential cipher — AAD binding (the cross-tenant seal) REFUSES to open when only the install key is changed","status":"passed","title":"REFUSES to open when only the install key is changed","duration":0.1856660000000261,"failureMessages":[],"meta":{}},{"ancestorTitles":["credential cipher — AAD binding (the cross-tenant seal)"],"fullName":"credential cipher — AAD binding (the cross-tenant seal) names the row it failed on, and never leaks the blob","status":"passed","title":"names the row it failed on, and never leaks the blob","duration":0.15483399999999392,"failureMessages":[],"meta":{}},{"ancestorTitles":["credential cipher — tamper and corruption"],"fullName":"credential cipher — tamper and corruption REFUSES a flipped ciphertext byte (GCM tag fails)","status":"passed","title":"REFUSES a flipped ciphertext byte (GCM tag fails)","duration":0.15350000000000819,"failureMessages":[],"meta":{}},{"ancestorTitles":["credential cipher — tamper and corruption"],"fullName":"credential cipher — tamper and corruption REFUSES a flipped auth tag","status":"passed","title":"REFUSES a flipped auth tag","duration":0.09637499999996635,"failureMessages":[],"meta":{}},{"ancestorTitles":["credential cipher — tamper and corruption"],"fullName":"credential cipher — tamper and corruption REFUSES a truncated blob","status":"passed","title":"REFUSES a truncated blob","duration":0.3042499999999677,"failureMessages":[],"meta":{}},{"ancestorTitles":["credential cipher — tamper and corruption"],"fullName":"credential cipher — tamper and corruption REFUSES a plaintext value sitting in the column (a pre-D35 row)","status":"passed","title":"REFUSES a plaintext value sitting in the column (a pre-D35 row)","duration":0.052874999999971806,"failureMessages":[],"meta":{}},{"ancestorTitles":["credential cipher — tamper and corruption"],"fullName":"credential cipher — tamper and corruption REFUSES a blob sealed under a DIFFERENT key","status":"passed","title":"REFUSES a blob sealed under a DIFFERENT key","duration":0.13187499999997954,"failureMessages":[],"meta":{}},{"ancestorTitles":["credential cipher — key handling (no plaintext fallback, ever)"],"fullName":"credential cipher — key handling (no plaintext fallback, ever) rejects a key that is not 32 bytes","status":"passed","title":"rejects a key that is not 32 bytes","duration":0.07033300000000509,"failureMessages":[],"meta":{}},{"ancestorTitles":["credential cipher — key handling (no plaintext fallback, ever)"],"fullName":"credential cipher — key handling (no plaintext fallback, ever) rejects an empty key at construction — i.e. at BOOT, not mid-turn","status":"passed","title":"rejects an empty key at construction — i.e. at BOOT, not mid-turn","duration":0.061292000000037206,"failureMessages":[],"meta":{}},{"ancestorTitles":["credential cipher — key handling (no plaintext fallback, ever)"],"fullName":"credential cipher — key handling (no plaintext fallback, ever) rejects a malformed previous key just as hard as the current one","status":"passed","title":"rejects a malformed previous key just as hard as the current one","duration":0.05779200000000628,"failureMessages":[],"meta":{}},{"ancestorTitles":["credential cipher — key handling (no plaintext fallback, ever)"],"fullName":"credential cipher — key handling (no plaintext fallback, ever) refuses to seal an empty secret (absence is NULL, not a seal of nothing)","status":"passed","title":"refuses to seal an empty secret (absence is NULL, not a seal of nothing)","duration":0.05525000000000091,"failureMessages":[],"meta":{}},{"ancestorTitles":["credential cipher — key handling (no plaintext fallback, ever)"],"fullName":"credential cipher — key handling (no plaintext fallback, ever) refuses to seal against an incomplete row identity","status":"passed","title":"refuses to seal against an incomplete row identity","duration":0.060124999999970896,"failureMessages":[],"meta":{}},{"ancestorTitles":["credential cipher — rotation (CONNECTORS_CREDENTIAL_KEY_PREVIOUS)"],"fullName":"credential cipher — rotation (CONNECTORS_CREDENTIAL_KEY_PREVIOUS) opens a blob sealed under the PREVIOUS key, and re-seals under the current one","status":"passed","title":"opens a blob sealed under the PREVIOUS key, and re-seals under the current one","duration":0.7192919999999958,"failureMessages":[],"meta":{}},{"ancestorTitles":["credential cipher — rotation (CONNECTORS_CREDENTIAL_KEY_PREVIOUS)"],"fullName":"credential cipher — rotation (CONNECTORS_CREDENTIAL_KEY_PREVIOUS) the previous key does NOT weaken the AAD binding","status":"passed","title":"the previous key does NOT weaken the AAD binding","duration":3.3650410000000193,"failureMessages":[],"meta":{}},{"ancestorTitles":["secretsEqual"],"fullName":"secretsEqual compares equal secrets true and different secrets false","status":"passed","title":"compares equal secrets true and different secrets false","duration":0.6413340000000289,"failureMessages":[],"meta":{}}],"startTime":1783997433233,"endTime":1783997433247.6414,"status":"passed","message":"","name":"/Volumes/SATECHI/github/barkpark/.claude/worktrees/wf_5038b4f1-66a-39/connectors/test/credential-cipher.test.ts"},{"assertionResults":[{"ancestorTitles":["cross-tenant token isolation — what actually goes on the wire (D35)"],"fullName":"cross-tenant token isolation — what actually goes on the wire (D35) carries ws-beta's turn on token-B, and token-A on ZERO of its requests","status":"passed","title":"carries ws-beta's turn on token-B, and token-A on ZERO of its requests","duration":29.31675000000007,"failureMessages":[],"meta":{}},{"ancestorTitles":["cross-tenant token isolation — what actually goes on the wire (D35)"],"fullName":"cross-tenant token isolation — what actually goes on the wire (D35) gives each tenant its OWN token across interleaved turns on the same thread id","status":"passed","title":"gives each tenant its OWN token across interleaved turns on the same thread id","duration":13.692291999999952,"failureMessages":[],"meta":{}},{"ancestorTitles":["cross-tenant token isolation — what actually goes on the wire (D35)"],"fullName":"cross-tenant token isolation — what actually goes on the wire (D35) mints the client from the install ROW that routed the event (same PK)","status":"passed","title":"mints the client from the install ROW that routed the event (same PK)","duration":1.4225420000000213,"failureMessages":[],"meta":{}},{"ancestorTitles":["cross-tenant token isolation — what actually goes on the wire (D35)"],"fullName":"cross-tenant token isolation — what actually goes on the wire (D35) keeps two workspaces on two Sessions even on an identical thread id","status":"passed","title":"keeps two workspaces on two Sessions even on an identical thread id","duration":1.6324579999999287,"failureMessages":[],"meta":{}},{"ancestorTitles":["no chat token => fail closed, with ZERO HTTP calls (D35)"],"fullName":"no chat token => fail closed, with ZERO HTTP calls (D35) drops an install whose chat_token_ref is blank — no operator-token fallback","status":"passed","title":"drops an install whose chat_token_ref is blank — no operator-token fallback","duration":1.1579169999999976,"failureMessages":[],"meta":{}},{"ancestorTitles":["no chat token => fail closed, with ZERO HTTP calls (D35)"],"fullName":"no chat token => fail closed, with ZERO HTTP calls (D35) drops a tokenless install even when a TOKENED install of the same provider exists","status":"passed","title":"drops a tokenless install even when a TOKENED install of the same provider exists","duration":0.6673339999999826,"failureMessages":[],"meta":{}},{"ancestorTitles":["no chat token => fail closed, with ZERO HTTP calls (D35)"],"fullName":"no chat token => fail closed, with ZERO HTTP calls (D35) still serves the tokened install in the same table (the drop is per-install)","status":"passed","title":"still serves the tokened install in the same table (the drop is per-install)","duration":1.1613330000000133,"failureMessages":[],"meta":{}},{"ancestorTitles":["no chat token => fail closed, with ZERO HTTP calls (D35)"],"fullName":"no chat token => fail closed, with ZERO HTTP calls (D35) drops an unknown install before any HTTP call (no tenant, no token)","status":"passed","title":"drops an unknown install before any HTTP call (no tenant, no token)","duration":0.17041600000004564,"failureMessages":[],"meta":{}},{"ancestorTitles":["no chat token => fail closed, with ZERO HTTP calls (D35)"],"fullName":"no chat token => fail closed, with ZERO HTTP calls (D35) drops a connector that resolves a tenant WITHOUT consulting the installs lookup","status":"passed","title":"drops a connector that resolves a tenant WITHOUT consulting the installs lookup","duration":0.43479200000001583,"failureMessages":[],"meta":{}}],"startTime":1783997433027,"endTime":1783997433077.4348,"status":"passed","message":"","name":"/Volumes/SATECHI/github/barkpark/.claude/worktrees/wf_5038b4f1-66a-39/connectors/test/cross-tenant-token.test.ts"},{"assertionResults":[{"ancestorTitles":["discord connector — registration shape (one registry entry, zero core change)"],"fullName":"discord connector — registration shape (one registry entry, zero core change) declares direction=channel, auth=token, tenantResolution=credential-bound","status":"passed","title":"declares direction=channel, auth=token, tenantResolution=credential-bound","duration":1.7799580000000788,"failureMessages":[],"meta":{}},{"ancestorTitles":["discord connector — registration shape (one registry entry, zero core change)"],"fullName":"discord connector — registration shape (one registry entry, zero core change) registers as an ordinary channel connector — no special case anywhere","status":"passed","title":"registers as an ordinary channel connector — no special case anywhere","duration":1.8123749999999745,"failureMessages":[],"meta":{}},{"ancestorTitles":["discord connector — registration shape (one registry entry, zero core change)"],"fullName":"discord connector — registration shape (one registry entry, zero core change) exposes the listen/stopListening lifecycle the boot path calls blind","status":"passed","title":"exposes the listen/stopListening lifecycle the boot path calls blind","duration":0.44937499999991815,"failureMessages":[],"meta":{}},{"ancestorTitles":["discord connector — per-install credential isolation (D1)"],"fullName":"discord connector — per-install credential isolation (D1) builds a REAL @chat-adapter/discord adapter from the install credential","status":"passed","title":"builds a REAL @chat-adapter/discord adapter from the install credential","duration":1.4733340000000226,"failureMessages":[],"meta":{}},{"ancestorTitles":["discord connector — per-install credential isolation (D1)"],"fullName":"discord connector — per-install credential isolation (D1) mounts TWO installs as two independent adapters with DIFFERENT bot tokens","status":"passed","title":"mounts TWO installs as two independent adapters with DIFFERENT bot tokens","duration":1.2850419999999758,"failureMessages":[],"meta":{}},{"ancestorTitles":["discord connector — per-install credential isolation (D1)"],"fullName":"discord connector — per-install credential isolation (D1) NEVER lets a process-wide DISCORD_BOT_TOKEN stand in for a tenant's own","status":"passed","title":"NEVER lets a process-wide DISCORD_BOT_TOKEN stand in for a tenant's own","duration":0.5353329999998095,"failureMessages":[],"meta":{}},{"ancestorTitles":["discord connector — credential parsing (fail closed)"],"fullName":"discord connector — credential parsing (fail closed) parses the full triple and derives the install key from the application id","status":"passed","title":"parses the full triple and derives the install key from the application id","duration":0.11779200000000856,"failureMessages":[],"meta":{}},{"ancestorTitles":["discord connector — credential parsing (fail closed)"],"fullName":"discord connector — credential parsing (fail closed) rejects a bare bot token — Discord needs all three values","status":"passed","title":"rejects a bare bot token — Discord needs all three values","duration":0.17212500000005093,"failureMessages":[],"meta":{}},{"ancestorTitles":["discord connector — credential parsing (fail closed)"],"fullName":"discord connector — credential parsing (fail closed) rejects a credential missing applicationId","status":"passed","title":"rejects a credential missing applicationId","duration":0.5624170000000959,"failureMessages":[],"meta":{}},{"ancestorTitles":["discord connector — credential parsing (fail closed)"],"fullName":"discord connector — credential parsing (fail closed) rejects a credential missing botToken","status":"passed","title":"rejects a credential missing botToken","duration":0.22491700000000492,"failureMessages":[],"meta":{}},{"ancestorTitles":["discord connector — credential parsing (fail closed)"],"fullName":"discord connector — credential parsing (fail closed) rejects a credential missing publicKey","status":"passed","title":"rejects a credential missing publicKey","duration":0.1941669999998794,"failureMessages":[],"meta":{}},{"ancestorTitles":["discord connector — credential parsing (fail closed)"],"fullName":"discord connector — credential parsing (fail closed) rejects a blank field rather than passing whitespace to Discord","status":"passed","title":"rejects a blank field rather than passing whitespace to Discord","duration":0.2081670000000031,"failureMessages":[],"meta":{}},{"ancestorTitles":["discord connector — tenant resolution (credential-bound, fail closed)"],"fullName":"discord connector — tenant resolution (credential-bound, fail closed) routes each bot to the workspace that installed it","status":"passed","title":"routes each bot to the workspace that installed it","duration":1.1007499999998345,"failureMessages":[],"meta":{}},{"ancestorTitles":["discord connector — tenant resolution (credential-bound, fail closed)"],"fullName":"discord connector — tenant resolution (credential-bound, fail closed) returns null for an app nobody installed — never a default workspace","status":"passed","title":"returns null for an app nobody installed — never a default workspace","duration":0.25883299999986775,"failureMessages":[],"meta":{}},{"ancestorTitles":["discord connector — tenant resolution (credential-bound, fail closed)"],"fullName":"discord connector — tenant resolution (credential-bound, fail closed) returns null when the transport could not say which app received it","status":"passed","title":"returns null when the transport could not say which app received it","duration":0.18620800000007875,"failureMessages":[],"meta":{}},{"ancestorTitles":["discord connector — the gateway listener (the three vendor traps)"],"fullName":"discord connector — the gateway listener (the three vendor traps) listen() RESOLVES promptly and does NOT await the socket (mount loop keeps moving)","status":"passed","title":"listen() RESOLVES promptly and does NOT await the socket (mount loop keeps moving)","duration":6.202290999999832,"failureMessages":[],"meta":{}},{"ancestorTitles":["discord connector — the gateway listener (the three vendor traps)"],"fullName":"discord connector — the gateway listener (the three vendor traps) passes waitUntil — the omission that returns a silent 500 is unreachable","status":"passed","title":"passes waitUntil — the omission that returns a silent 500 is unreachable","duration":0.2192499999998745,"failureMessages":[],"meta":{}},{"ancestorTitles":["discord connector — the gateway listener (the three vendor traps)"],"fullName":"discord connector — the gateway listener (the three vendor traps) passes a durationMs at Node's timer ceiling — NOT MAX_SAFE_INTEGER","status":"passed","title":"passes a durationMs at Node's timer ceiling — NOT MAX_SAFE_INTEGER","duration":0.19574999999986176,"failureMessages":[],"meta":{}},{"ancestorTitles":["discord connector — the gateway listener (the three vendor traps)"],"fullName":"discord connector — the gateway listener (the three vendor traps) the MAX_SAFE_INTEGER trap is real — Node collapses the timer to 1ms","status":"passed","title":"the MAX_SAFE_INTEGER trap is real — Node collapses the timer to 1ms","duration":5.928083000000015,"failureMessages":[],"meta":{}},{"ancestorTitles":["discord connector — the gateway listener (the three vendor traps)"],"fullName":"discord connector — the gateway listener (the three vendor traps) refuses a durationMs above Node's ceiling instead of silently truncating it","status":"passed","title":"refuses a durationMs above Node's ceiling instead of silently truncating it","duration":1.627917000000025,"failureMessages":[],"meta":{}},{"ancestorTitles":["discord connector — the gateway listener (the three vendor traps)"],"fullName":"discord connector — the gateway listener (the three vendor traps) THROWS on a refused gateway — a 500 must not look like 'nothing happened'","status":"passed","title":"THROWS on a refused gateway — a 500 must not look like 'nothing happened'","duration":1.658082999999806,"failureMessages":[],"meta":{}},{"ancestorTitles":["discord connector — the gateway listener (the three vendor traps)"],"fullName":"discord connector — the gateway listener (the three vendor traps) THROWS against the REAL vendor adapter when chat.initialize() has not run","status":"passed","title":"THROWS against the REAL vendor adapter when chat.initialize() has not run","duration":0.5710830000000442,"failureMessages":[],"meta":{}},{"ancestorTitles":["discord connector — the gateway listener (the three vendor traps)"],"fullName":"discord connector — the gateway listener (the three vendor traps) stopListening aborts the gateway's AbortSignal","status":"passed","title":"stopListening aborts the gateway's AbortSignal","duration":0.22620800000004238,"failureMessages":[],"meta":{}},{"ancestorTitles":["discord connector — the gateway listener (the three vendor traps)"],"fullName":"discord connector — the gateway listener (the three vendor traps) is idempotent — a second listen() never opens a second socket for one bot","status":"passed","title":"is idempotent — a second listen() never opens a second socket for one bot","duration":0.33275000000003274,"failureMessages":[],"meta":{}},{"ancestorTitles":["gateway supervisor — a persistent process outlives one window"],"fullName":"gateway supervisor — a persistent process outlives one window re-arms when the gateway window ends, so the bot does not go silent forever","status":"passed","title":"re-arms when the gateway window ends, so the bot does not go silent forever","duration":55.43316700000014,"failureMessages":[],"meta":{}},{"ancestorTitles":["gateway supervisor — a persistent process outlives one window"],"fullName":"gateway supervisor — a persistent process outlives one window backs off instead of hot-looping when the connection keeps dying fast","status":"passed","title":"backs off instead of hot-looping when the connection keeps dying fast","duration":55.25345900000002,"failureMessages":[],"meta":{}},{"ancestorTitles":["gateway supervisor — a persistent process outlives one window"],"fullName":"gateway supervisor — a persistent process outlives one window stops re-arming once aborted","status":"passed","title":"stops re-arming once aborted","duration":28.234040999999934,"failureMessages":[],"meta":{}},{"ancestorTitles":["gateway supervisor — a persistent process outlives one window"],"fullName":"gateway supervisor — a persistent process outlives one window stop() returns even when the adapter IGNORES the abort signal (no hung SIGTERM)","status":"passed","title":"stop() returns even when the adapter IGNORES the abort signal (no hung SIGTERM)","duration":1.6749170000000504,"failureMessages":[],"meta":{}}],"startTime":1783997433560,"endTime":1783997433730.6748,"status":"passed","message":"","name":"/Volumes/SATECHI/github/barkpark/.claude/worktrees/wf_5038b4f1-66a-39/connectors/test/discord-connector.test.ts"},{"assertionResults":[{"ancestorTitles":["core dispatch — the loop that must not change when P3 adds channels"],"fullName":"core dispatch — the loop that must not change when P3 adds channels drives inbound -> tenant -> session -> turn -> post exactly ONCE","status":"passed","title":"drives inbound -> tenant -> session -> turn -> post exactly ONCE","duration":87.21745799999997,"failureMessages":[],"meta":{}},{"ancestorTitles":["core dispatch — the loop that must not change when P3 adds channels"],"fullName":"core dispatch — the loop that must not change when P3 adds channels subscribes to the SSE stream BEFORE sending the turn","status":"passed","title":"subscribes to the SSE stream BEFORE sending the turn","duration":6.096457999999984,"failureMessages":[],"meta":{}},{"ancestorTitles":["core dispatch — the loop that must not change when P3 adds channels"],"fullName":"core dispatch — the loop that must not change when P3 adds channels never leaks thinking or tool_use blocks into the channel","status":"passed","title":"never leaks thinking or tool_use blocks into the channel","duration":6.870750000000044,"failureMessages":[],"meta":{}},{"ancestorTitles":["core dispatch — the loop that must not change when P3 adds channels"],"fullName":"core dispatch — the loop that must not change when P3 adds channels mints a Session on first contact and RESUMES it thereafter","status":"passed","title":"mints a Session on first contact and RESUMES it thereafter","duration":7.804832999999917,"failureMessages":[],"meta":{}},{"ancestorTitles":["core dispatch — the loop that must not change when P3 adds channels"],"fullName":"core dispatch — the loop that must not change when P3 adds channels keeps different threads on different Sessions","status":"passed","title":"keeps different threads on different Sessions","duration":7.461999999999989,"failureMessages":[],"meta":{}},{"ancestorTitles":["core dispatch — the loop that must not change when P3 adds channels"],"fullName":"core dispatch — the loop that must not change when P3 adds channels FAILS CLOSED on an unresolvable tenant — no session, no post","status":"passed","title":"FAILS CLOSED on an unresolvable tenant — no session, no post","duration":0.23116700000002766,"failureMessages":[],"meta":{}},{"ancestorTitles":["core dispatch — the loop that must not change when P3 adds channels"],"fullName":"core dispatch — the loop that must not change when P3 adds channels drops an event for a provider nobody registered","status":"passed","title":"drops an event for a provider nobody registered","duration":0.17420900000001893,"failureMessages":[],"meta":{}},{"ancestorTitles":["core dispatch — the loop that must not change when P3 adds channels"],"fullName":"core dispatch — the loop that must not change when P3 adds channels drops an empty inbound message before spending a Session on it","status":"passed","title":"drops an empty inbound message before spending a Session on it","duration":0.09850000000005821,"failureMessages":[],"meta":{}},{"ancestorTitles":["core dispatch — the loop that must not change when P3 adds channels"],"fullName":"core dispatch — the loop that must not change when P3 adds channels posts nothing when a turn produces no text","status":"passed","title":"posts nothing when a turn produces no text","duration":1.8962080000000014,"failureMessages":[],"meta":{}},{"ancestorTitles":["core dispatch — the loop that must not change when P3 adds channels"],"fullName":"core dispatch — the loop that must not change when P3 adds channels isolates tenants: the same thread id under two workspaces is two Sessions","status":"passed","title":"isolates tenants: the same thread id under two workspaces is two Sessions","duration":5.271124999999984,"failureMessages":[],"meta":{}}],"startTime":1783997434030,"endTime":1783997434153.2712,"status":"passed","message":"","name":"/Volumes/SATECHI/github/barkpark/.claude/worktrees/wf_5038b4f1-66a-39/connectors/test/dispatch.test.ts"},{"assertionResults":[{"ancestorTitles":["imessage — the PROFILE gate (fail closed for Cloud)"],"fullName":"imessage — the PROFILE gate (fail closed for Cloud) is NOT registered under the default (Cloud) profile","status":"passed","title":"is NOT registered under the default (Cloud) profile","duration":3.030666999999994,"failureMessages":[],"meta":{}},{"ancestorTitles":["imessage — the PROFILE gate (fail closed for Cloud)"],"fullName":"imessage — the PROFILE gate (fail closed for Cloud) is NOT registered when CONNECTORS_PROFILE is unset","status":"passed","title":"is NOT registered when CONNECTORS_PROFILE is unset","duration":1.46612499999992,"failureMessages":[],"meta":{}},{"ancestorTitles":["imessage — the PROFILE gate (fail closed for Cloud)"],"fullName":"imessage — the PROFILE gate (fail closed for Cloud) is NOT registered when CONNECTORS_PROFILE is empty","status":"passed","title":"is NOT registered when CONNECTORS_PROFILE is empty","duration":0.39733399999977337,"failureMessages":[],"meta":{}},{"ancestorTitles":["imessage — the PROFILE gate (fail closed for Cloud)"],"fullName":"imessage — the PROFILE gate (fail closed for Cloud) is NOT registered when CONNECTORS_PROFILE is cloud","status":"passed","title":"is NOT registered when CONNECTORS_PROFILE is cloud","duration":0.3236659999997755,"failureMessages":[],"meta":{}},{"ancestorTitles":["imessage — the PROFILE gate (fail closed for Cloud)"],"fullName":"imessage — the PROFILE gate (fail closed for Cloud) is NOT registered when CONNECTORS_PROFILE is a near-miss typo","status":"passed","title":"is NOT registered when CONNECTORS_PROFILE is a near-miss typo","duration":0.20308399999976245,"failureMessages":[],"meta":{}},{"ancestorTitles":["imessage — the PROFILE gate (fail closed for Cloud)"],"fullName":"imessage — the PROFILE gate (fail closed for Cloud) is NOT registered when CONNECTORS_PROFILE is the wrong case","status":"passed","title":"is NOT registered when CONNECTORS_PROFILE is the wrong case","duration":0.3087500000001455,"failureMessages":[],"meta":{}},{"ancestorTitles":["imessage — the PROFILE gate (fail closed for Cloud)"],"fullName":"imessage — the PROFILE gate (fail closed for Cloud) IS registered when CONNECTORS_PROFILE=self-hosted","status":"passed","title":"IS registered when CONNECTORS_PROFILE=self-hosted","duration":1.146792000000005,"failureMessages":[],"meta":{}},{"ancestorTitles":["imessage — the PROFILE gate (fail closed for Cloud)"],"fullName":"imessage — the PROFILE gate (fail closed for Cloud) isSelfHostedProfile fails closed on anything but the exact string","status":"passed","title":"isSelfHostedProfile fails closed on anything but the exact string","duration":0.19845800000030067,"failureMessages":[],"meta":{}},{"ancestorTitles":["imessage — registration shape"],"fullName":"imessage — registration shape declares direction=channel, tenantResolution=credential-bound","status":"passed","title":"declares direction=channel, tenantResolution=credential-bound","duration":0.3727910000002339,"failureMessages":[],"meta":{}},{"ancestorTitles":["imessage — registration shape"],"fullName":"imessage — registration shape pins the vendor to an EXACT version (this vendor broke its own transport once)","status":"passed","title":"pins the vendor to an EXACT version (this vendor broke its own transport once)","duration":0.7184999999999491,"failureMessages":[],"meta":{}},{"ancestorTitles":["imessage — credentials (Spectrum Cloud is FORBIDDEN)"],"fullName":"imessage — credentials (Spectrum Cloud is FORBIDDEN) accepts the bare 'local' relay — the bridge runs ON the Mac","status":"passed","title":"accepts the bare 'local' relay — the bridge runs ON the Mac","duration":0.3239579999999478,"failureMessages":[],"meta":{}},{"ancestorTitles":["imessage — credentials (Spectrum Cloud is FORBIDDEN)"],"fullName":"imessage — credentials (Spectrum Cloud is FORBIDDEN) accepts an explicit self-hosted gRPC relay on your own Mac","status":"passed","title":"accepts an explicit self-hosted gRPC relay on your own Mac","duration":0.06812500000023647,"failureMessages":[],"meta":{}},{"ancestorTitles":["imessage — credentials (Spectrum Cloud is FORBIDDEN)"],"fullName":"imessage — credentials (Spectrum Cloud is FORBIDDEN) REFUSES a Spectrum Cloud credential — it moves the Mac to a third party","status":"passed","title":"REFUSES a Spectrum Cloud credential — it moves the Mac to a third party","duration":0.3947920000000522,"failureMessages":[],"meta":{}},{"ancestorTitles":["imessage — credentials (Spectrum Cloud is FORBIDDEN)"],"fullName":"imessage — credentials (Spectrum Cloud is FORBIDDEN) REFUSES a cloud credential smuggled in behind mode:local","status":"passed","title":"REFUSES a cloud credential smuggled in behind mode:local","duration":0.11916599999995015,"failureMessages":[],"meta":{}},{"ancestorTitles":["imessage — credentials (Spectrum Cloud is FORBIDDEN)"],"fullName":"imessage — credentials (Spectrum Cloud is FORBIDDEN) rejects an incomplete gRPC relay rather than half-configuring it","status":"passed","title":"rejects an incomplete gRPC relay rather than half-configuring it","duration":0.23733400000037363,"failureMessages":[],"meta":{}},{"ancestorTitles":["imessage — adapter construction reads NO environment"],"fullName":"imessage — adapter construction reads NO environment builds a REAL local iMessageAdapter from the install credential","status":"passed","title":"builds a REAL local iMessageAdapter from the install credential","duration":0.42670799999996234,"failureMessages":[],"meta":{}},{"ancestorTitles":["imessage — adapter construction reads NO environment"],"fullName":"imessage — adapter construction reads NO environment builds a self-hosted gRPC adapter pointed at YOUR Mac","status":"passed","title":"builds a self-hosted gRPC adapter pointed at YOUR Mac","duration":0.20154199999979028,"failureMessages":[],"meta":{}},{"ancestorTitles":["imessage — adapter construction reads NO environment"],"fullName":"imessage — adapter construction reads NO environment a poisoned IMESSAGE_PROJECT_* environment can NOT route a tenant to Spectrum Cloud","status":"passed","title":"a poisoned IMESSAGE_PROJECT_* environment can NOT route a tenant to Spectrum Cloud","duration":0.10841699999991761,"failureMessages":[],"meta":{}},{"ancestorTitles":["imessage — tenant resolution (credential-bound, fail closed)"],"fullName":"imessage — tenant resolution (credential-bound, fail closed) routes a relay Mac to the ONE workspace that owns it","status":"passed","title":"routes a relay Mac to the ONE workspace that owns it","duration":0.5349169999999503,"failureMessages":[],"meta":{}},{"ancestorTitles":["imessage — tenant resolution (credential-bound, fail closed)"],"fullName":"imessage — tenant resolution (credential-bound, fail closed) returns null for an unknown Mac and for a nameless transport","status":"passed","title":"returns null for an unknown Mac and for a nameless transport","duration":0.10179100000004837,"failureMessages":[],"meta":{}}],"startTime":1783997435535,"endTime":1783997435547.1018,"status":"passed","message":"","name":"/Volumes/SATECHI/github/barkpark/.claude/worktrees/wf_5038b4f1-66a-39/connectors/test/imessage-connector.test.ts"},{"assertionResults":[{"ancestorTitles":["slack connector — registration shape (zero core change)"],"fullName":"slack connector — registration shape (zero core change) declares direction=channel, auth=oauth, tenantResolution=payload-team-id","status":"passed","title":"declares direction=channel, auth=oauth, tenantResolution=payload-team-id","duration":1.0976670000000013,"failureMessages":[],"meta":{}},{"ancestorTitles":["slack connector — registration shape (zero core change)"],"fullName":"slack connector — registration shape (zero core change) registers as an ordinary channel connector alongside telegram","status":"passed","title":"registers as an ordinary channel connector alongside telegram","duration":1.7079170000001795,"failureMessages":[],"meta":{}},{"ancestorTitles":["slack connector — registration shape (zero core change)"],"fullName":"slack connector — registration shape (zero core change) is NOT registered when the app credentials are absent — no half-wired adapter","status":"passed","title":"is NOT registered when the app credentials are absent — no half-wired adapter","duration":0.3899580000002061,"failureMessages":[],"meta":{}},{"ancestorTitles":["slack connector — registration shape (zero core change)"],"fullName":"slack connector — registration shape (zero core change) leaves listen/stopListening undefined — a webhook's transport IS the request","status":"passed","title":"leaves listen/stopListening undefined — a webhook's transport IS the request","duration":0.5030409999999392,"failureMessages":[],"meta":{}},{"ancestorTitles":["slack connector — registration shape (zero core change)"],"fullName":"slack connector — registration shape (zero core change) refuses to construct without a signing secret","status":"passed","title":"refuses to construct without a signing secret","duration":0.8298329999997804,"failureMessages":[],"meta":{}},{"ancestorTitles":["slack connector — registration shape (zero core change)"],"fullName":"slack connector — registration shape (zero core change) builds a real @chat-adapter/slack adapter in WEBHOOK mode, with no static bot token","status":"passed","title":"builds a real @chat-adapter/slack adapter in WEBHOOK mode, with no static bot token","duration":3.149249999999938,"failureMessages":[],"meta":{}},{"ancestorTitles":["slack — socket mode is DISQUALIFIED, and its guard is incomplete"],"fullName":"slack — socket mode is DISQUALIFIED, and its guard is incomplete guards socket mode against clientId/clientSecret","status":"passed","title":"guards socket mode against clientId/clientSecret","duration":0.13266599999997197,"failureMessages":[],"meta":{}},{"ancestorTitles":["slack — socket mode is DISQUALIFIED, and its guard is incomplete"],"fullName":"slack — socket mode is DISQUALIFIED, and its guard is incomplete does NOT guard socket mode against installationProvider — it constructs, and would leak","status":"passed","title":"does NOT guard socket mode against installationProvider — it constructs, and would leak","duration":0.358375000000251,"failureMessages":[],"meta":{}},{"ancestorTitles":["slack — install key = enterprise_id ?? team_id"],"fullName":"slack — install key = enterprise_id ?? team_id prefers the enterprise id (org-wide Grid install)","status":"passed","title":"prefers the enterprise id (org-wide Grid install)","duration":0.13708300000007512,"failureMessages":[],"meta":{}},{"ancestorTitles":["slack — install key = enterprise_id ?? team_id"],"fullName":"slack — install key = enterprise_id ?? team_id falls back to the team id for an ordinary install","status":"passed","title":"falls back to the team id for an ordinary install","duration":0.05908399999998437,"failureMessages":[],"meta":{}},{"ancestorTitles":["slack — install key = enterprise_id ?? team_id"],"fullName":"slack — install key = enterprise_id ?? team_id is null when neither is present — fail closed, never a default","status":"passed","title":"is null when neither is present — fail closed, never a default","duration":0.05162500000005821,"failureMessages":[],"meta":{}},{"ancestorTitles":["slack — install key = enterprise_id ?? team_id"],"fullName":"slack — install key = enterprise_id ?? team_id keys an OAuth install by enterprise ONLY when is_enterprise_install is true","status":"passed","title":"keys an OAuth install by enterprise ONLY when is_enterprise_install is true","duration":0.06641700000000128,"failureMessages":[],"meta":{}},{"ancestorTitles":["slack — the webhook extractor (verify + parse, never hand-rolled)"],"fullName":"slack — the webhook extractor (verify + parse, never hand-rolled) extracts the team id from a correctly signed envelope","status":"passed","title":"extracts the team id from a correctly signed envelope","duration":2.3520840000001044,"failureMessages":[],"meta":{}},{"ancestorTitles":["slack — the webhook extractor (verify + parse, never hand-rolled)"],"fullName":"slack — the webhook extractor (verify + parse, never hand-rolled) extracts the ENTERPRISE id from an org-wide envelope","status":"passed","title":"extracts the ENTERPRISE id from an org-wide envelope","duration":0.5009169999998448,"failureMessages":[],"meta":{}},{"ancestorTitles":["slack — the webhook extractor (verify + parse, never hand-rolled)"],"fullName":"slack — the webhook extractor (verify + parse, never hand-rolled) returns null for a BAD SIGNATURE — a forged team_id buys nothing","status":"passed","title":"returns null for a BAD SIGNATURE — a forged team_id buys nothing","duration":0.35970799999995506,"failureMessages":[],"meta":{}},{"ancestorTitles":["slack — the webhook extractor (verify + parse, never hand-rolled)"],"fullName":"slack — the webhook extractor (verify + parse, never hand-rolled) returns null for a replayed (stale-timestamp) request","status":"passed","title":"returns null for a replayed (stale-timestamp) request","duration":0.23833299999978408,"failureMessages":[],"meta":{}},{"ancestorTitles":["slack — the webhook extractor (verify + parse, never hand-rolled)"],"fullName":"slack — the webhook extractor (verify + parse, never hand-rolled) returns null (never throws) on a garbage body","status":"passed","title":"returns null (never throws) on a garbage body","duration":0.2905829999999696,"failureMessages":[],"meta":{}},{"ancestorTitles":["slack — the webhook extractor (verify + parse, never hand-rolled)"],"fullName":"slack — the webhook extractor (verify + parse, never hand-rolled) answers Slack's url_verification handshake — the ONE request with no tenant","status":"passed","title":"answers Slack's url_verification handshake — the ONE request with no tenant","duration":1.7019170000003214,"failureMessages":[],"meta":{}},{"ancestorTitles":["slack — the webhook extractor (verify + parse, never hand-rolled)"],"fullName":"slack — the webhook extractor (verify + parse, never hand-rolled) refuses an UNSIGNED handshake — the app-wide secret still gates it","status":"passed","title":"refuses an UNSIGNED handshake — the app-wide secret still gates it","duration":0.9398750000000291,"failureMessages":[],"meta":{}},{"ancestorTitles":["slack — the webhook extractor (verify + parse, never hand-rolled)"],"fullName":"slack — the webhook extractor (verify + parse, never hand-rolled) returns null for a NON-handshake body, so the hook can never shadow real traffic","status":"passed","title":"returns null for a NON-handshake body, so the hook can never shadow real traffic","duration":1.871291999999812,"failureMessages":[],"meta":{}},{"ancestorTitles":["slack — the webhook extractor (verify + parse, never hand-rolled)"],"fullName":"slack — the webhook extractor (verify + parse, never hand-rolled) reads the RAW BYTES, so the adapter still gets the exact wire body","status":"passed","title":"reads the RAW BYTES, so the adapter still gets the exact wire body","duration":1.7139999999999418,"failureMessages":[],"meta":{}},{"ancestorTitles":["slack — the payload fallback reads team_id, NEVER the author's team"],"fullName":"slack — the payload fallback reads team_id, NEVER the author's team reads the envelope-stamped team_id off a Chat SDK Message","status":"passed","title":"reads the envelope-stamped team_id off a Chat SDK Message","duration":0.07658300000002782,"failureMessages":[],"meta":{}},{"ancestorTitles":["slack — the payload fallback reads team_id, NEVER the author's team"],"fullName":"slack — the payload fallback reads team_id, NEVER the author's team IGNORES `team` — in a Slack Connect shared channel that is the AUTHOR's org","status":"passed","title":"IGNORES `team` — in a Slack Connect shared channel that is the AUTHOR's org","duration":0.04037500000004002,"failureMessages":[],"meta":{}},{"ancestorTitles":["slack — the payload fallback reads team_id, NEVER the author's team"],"fullName":"slack — the payload fallback reads team_id, NEVER the author's team is null for a payload with no team at all","status":"passed","title":"is null for a payload with no team at all","duration":0.05195800000001327,"failureMessages":[],"meta":{}},{"ancestorTitles":["slack — tenant resolution is fail-closed"],"fullName":"slack — tenant resolution is fail-closed resolves the workspace from the transport (envelope-derived) key","status":"passed","title":"resolves the workspace from the transport (envelope-derived) key","duration":0.09570799999983137,"failureMessages":[],"meta":{}},{"ancestorTitles":["slack — tenant resolution is fail-closed"],"fullName":"slack — tenant resolution is fail-closed resolves an ORG-WIDE install by its enterprise key","status":"passed","title":"resolves an ORG-WIDE install by its enterprise key","duration":0.04525000000012369,"failureMessages":[],"meta":{}},{"ancestorTitles":["slack — tenant resolution is fail-closed"],"fullName":"slack — tenant resolution is fail-closed falls back to the payload team id when the transport set no key","status":"passed","title":"falls back to the payload team id when the transport set no key","duration":0.052708000000166066,"failureMessages":[],"meta":{}},{"ancestorTitles":["slack — tenant resolution is fail-closed"],"fullName":"slack — tenant resolution is fail-closed returns null for a team nobody installed — never a default workspace","status":"passed","title":"returns null for a team nobody installed — never a default workspace","duration":0.05008399999996982,"failureMessages":[],"meta":{}},{"ancestorTitles":["slack — tenant resolution is fail-closed"],"fullName":"slack — tenant resolution is fail-closed returns null when neither the transport nor the payload names a team","status":"passed","title":"returns null when neither the transport nor the payload names a team","duration":0.040041000000201166,"failureMessages":[],"meta":{}},{"ancestorTitles":["slack — per-tenant token selection, end to end through a REAL adapter"],"fullName":"slack — per-tenant token selection, end to end through a REAL adapter team A's event is answered with A's token; team B's with B's","status":"passed","title":"team A's event is answered with A's token; team B's with B's","duration":589.9497500000002,"failureMessages":[],"meta":{}},{"ancestorTitles":["slack — per-tenant token selection, end to end through a REAL adapter"],"fullName":"slack — per-tenant token selection, end to end through a REAL adapter PROTECTIVE: swapping installationProvider for a static botToken makes BOTH tenants reply with the operator token","status":"passed","title":"PROTECTIVE: swapping installationProvider for a static botToken makes BOTH tenants reply with the operator token","duration":524.6656249999996,"failureMessages":[],"meta":{}},{"ancestorTitles":["slack — per-tenant token selection, end to end through a REAL adapter"],"fullName":"slack — per-tenant token selection, end to end through a REAL adapter an ORG-WIDE Grid event resolves by enterprise_id and uses the grid token","status":"passed","title":"an ORG-WIDE Grid event resolves by enterprise_id and uses the grid token","duration":264.81033300000036,"failureMessages":[],"meta":{}},{"ancestorTitles":["slack — per-tenant token selection, end to end through a REAL adapter"],"fullName":"slack — per-tenant token selection, end to end through a REAL adapter an UNKNOWN team is dropped: no token, no post, and still a 200 ack","status":"passed","title":"an UNKNOWN team is dropped: no token, no post, and still a 200 ack","duration":256.7893330000006,"failureMessages":[],"meta":{}},{"ancestorTitles":["slack — per-tenant token selection, end to end through a REAL adapter"],"fullName":"slack — per-tenant token selection, end to end through a REAL adapter a MIS-ROUTED event (B's envelope into A's mounted adapter) is dropped, not answered","status":"passed","title":"a MIS-ROUTED event (B's envelope into A's mounted adapter) is dropped, not answered","duration":254.68470799999977,"failureMessages":[],"meta":{}},{"ancestorTitles":["slack oauth — the workspace binding is integrity-protected"],"fullName":"slack oauth — the workspace binding is integrity-protected round-trips the workspace through a signed state","status":"passed","title":"round-trips the workspace through a signed state","duration":0.39979200000016135,"failureMessages":[],"meta":{}},{"ancestorTitles":["slack oauth — the workspace binding is integrity-protected"],"fullName":"slack oauth — the workspace binding is integrity-protected rejects a state this bridge did not mint — the tenant-assignment hole, closed","status":"passed","title":"rejects a state this bridge did not mint — the tenant-assignment hole, closed","duration":0.239875000000211,"failureMessages":[],"meta":{}},{"ancestorTitles":["slack oauth — the workspace binding is integrity-protected"],"fullName":"slack oauth — the workspace binding is integrity-protected rejects a state signed with a different secret","status":"passed","title":"rejects a state signed with a different secret","duration":0.1397079999997004,"failureMessages":[],"meta":{}},{"ancestorTitles":["slack oauth — the workspace binding is integrity-protected"],"fullName":"slack oauth — the workspace binding is integrity-protected expires a stale state","status":"passed","title":"expires a stale state","duration":0.16362500000013824,"failureMessages":[],"meta":{}},{"ancestorTitles":["slack oauth — the workspace binding is integrity-protected"],"fullName":"slack oauth — the workspace binding is integrity-protected refuses to mint an unsigned state at all","status":"passed","title":"refuses to mint an unsigned state at all","duration":0.08208300000023883,"failureMessages":[],"meta":{}},{"ancestorTitles":["slack oauth — the workspace binding is integrity-protected"],"fullName":"slack oauth — the workspace binding is integrity-protected puts the signed state, the scopes and the redirect into the Add-to-Slack URL","status":"passed","title":"puts the signed state, the scopes and the redirect into the Add-to-Slack URL","duration":0.33399999999983265,"failureMessages":[],"meta":{}},{"ancestorTitles":["slack oauth — the callback installs, seals and mounts"],"fullName":"slack oauth — the callback installs, seals and mounts upserts a SEALED install bound to the state's workspace, and mounts it live","status":"passed","title":"upserts a SEALED install bound to the state's workspace, and mounts it live","duration":1.0242920000000595,"failureMessages":[],"meta":{}},{"ancestorTitles":["slack oauth — the callback installs, seals and mounts"],"fullName":"slack oauth — the callback installs, seals and mounts keys an ORG-WIDE install by enterprise_id","status":"passed","title":"keys an ORG-WIDE install by enterprise_id","duration":0.3547079999998459,"failureMessages":[],"meta":{}},{"ancestorTitles":["slack oauth — the callback installs, seals and mounts"],"fullName":"slack oauth — the callback installs, seals and mounts installs NOTHING when the state is forged","status":"passed","title":"installs NOTHING when the state is forged","duration":0.15066699999988487,"failureMessages":[],"meta":{}},{"ancestorTitles":["slack oauth — the callback installs, seals and mounts"],"fullName":"slack oauth — the callback installs, seals and mounts installs NOTHING when Slack refuses the exchange","status":"passed","title":"installs NOTHING when Slack refuses the exchange","duration":0.25820800000019517,"failureMessages":[],"meta":{}},{"ancestorTitles":["slack oauth — the callback installs, seals and mounts"],"fullName":"slack oauth — the callback installs, seals and mounts installs NOTHING when the user cancels","status":"passed","title":"installs NOTHING when the user cancels","duration":0.10983399999986432,"failureMessages":[],"meta":{}},{"ancestorTitles":["slack oauth — a new install goes live in a RUNNING bridge, no restart"],"fullName":"slack oauth — a new install goes live in a RUNNING bridge, no restart boots with slack registered and ZERO installs mounted","status":"passed","title":"boots with slack registered and ZERO installs mounted","duration":0.21387500000037107,"failureMessages":[],"meta":{}},{"ancestorTitles":["slack oauth — a new install goes live in a RUNNING bridge, no restart"],"fullName":"slack oauth — a new install goes live in a RUNNING bridge, no restart the OAuth callback writes the row AND mounts it into the live bridge","status":"passed","title":"the OAuth callback writes the row AND mounts it into the live bridge","duration":17.292707999999948,"failureMessages":[],"meta":{}},{"ancestorTitles":["slack oauth — a new install goes live in a RUNNING bridge, no restart"],"fullName":"slack oauth — a new install goes live in a RUNNING bridge, no restart a re-install REPLACES the mount instead of stacking a second listener","status":"passed","title":"a re-install REPLACES the mount instead of stacking a second listener","duration":3.5446670000001177,"failureMessages":[],"meta":{}},{"ancestorTitles":["slack oauth — a new install goes live in a RUNNING bridge, no restart"],"fullName":"slack oauth — a new install goes live in a RUNNING bridge, no restart refuses to mount an install whose provider nobody registered","status":"passed","title":"refuses to mount an install whose provider nobody registered","duration":0.2836250000000291,"failureMessages":[],"meta":{}}],"startTime":1783997435109,"endTime":1783997437788.2837,"status":"passed","message":"","name":"/Volumes/SATECHI/github/barkpark/.claude/worktrees/wf_5038b4f1-66a-39/connectors/test/slack-connector.test.ts"},{"assertionResults":[{"ancestorTitles":["eager subscribe (D26 — the stream is a separate GET from the send)"],"fullName":"eager subscribe (D26 — the stream is a separate GET from the send) completes the HTTP handshake on await, BEFORE any frame is read","status":"passed","title":"completes the HTTP handshake on await, BEFORE any frame is read","duration":23.498249999999985,"failureMessages":[],"meta":{}},{"ancestorTitles":["parseFrame — byte-exact wire contract"],"fullName":"parseFrame — byte-exact wire contract parses a message frame and reads its `id:` (the only frame that carries one)","status":"passed","title":"parses a message frame and reads its `id:` (the only frame that carries one)","duration":5.333749999999895,"failureMessages":[],"meta":{}},{"ancestorTitles":["parseFrame — byte-exact wire contract"],"fullName":"parseFrame — byte-exact wire contract parses a chat frame with NO id and passes the payload through VERBATIM","status":"passed","title":"parses a chat frame with NO id and passes the payload through VERBATIM","duration":14.24133299999994,"failureMessages":[],"meta":{}},{"ancestorTitles":["parseFrame — byte-exact wire contract"],"fullName":"parseFrame — byte-exact wire contract parses a permission frame with NO id","status":"passed","title":"parses a permission frame with NO id","duration":19.44916699999999,"failureMessages":[],"meta":{}},{"ancestorTitles":["parseFrame — byte-exact wire contract"],"fullName":"parseFrame — byte-exact wire contract parses an exit frame with NO id into {status,reason}","status":"passed","title":"parses an exit frame with NO id into {status,reason}","duration":2.1201249999999163,"failureMessages":[],"meta":{}},{"ancestorTitles":["parseFrame — byte-exact wire contract"],"fullName":"parseFrame — byte-exact wire contract coerces an out-of-enum exit reason to `unknown` and a non-int status to null","status":"passed","title":"coerces an out-of-enum exit reason to `unknown` and a non-int status to null","duration":0.3267909999999574,"failureMessages":[],"meta":{}},{"ancestorTitles":["parseFrame — byte-exact wire contract"],"fullName":"parseFrame — byte-exact wire contract tolerates the `: keepalive` comment frame (yields nothing, never throws)","status":"passed","title":"tolerates the `: keepalive` comment frame (yields nothing, never throws)","duration":0.36350000000004457,"failureMessages":[],"meta":{}},{"ancestorTitles":["parseFrame — byte-exact wire contract"],"fullName":"parseFrame — byte-exact wire contract tolerates an unmodelled event type rather than throwing","status":"passed","title":"tolerates an unmodelled event type rather than throwing","duration":0.7657499999999118,"failureMessages":[],"meta":{}},{"ancestorTitles":["parseFrame — byte-exact wire contract"],"fullName":"parseFrame — byte-exact wire contract NEVER schema-validates a chat payload — malformed JSON still passes through","status":"passed","title":"NEVER schema-validates a chat payload — malformed JSON still passes through","duration":7.160375000000045,"failureMessages":[],"meta":{}},{"ancestorTitles":["openEventStream"],"fullName":"openEventStream replays persisted message rows, then live chat, permission and exit frames","status":"passed","title":"replays persisted message rows, then live chat, permission and exit frames","duration":15.865792000000056,"failureMessages":[],"meta":{}},{"ancestorTitles":["openEventStream"],"fullName":"openEventStream resumes with Last-Event-ID: only rows with seq > lastEventId replay","status":"passed","title":"resumes with Last-Event-ID: only rows with seq > lastEventId replay","duration":1.521792000000005,"failureMessages":[],"meta":{}},{"ancestorTitles":["openEventStream"],"fullName":"openEventStream sends the Last-Event-ID header only when a cursor is supplied","status":"passed","title":"sends the Last-Event-ID header only when a cursor is supplied","duration":1.3901250000000118,"failureMessages":[],"meta":{}},{"ancestorTitles":["openEventStream"],"fullName":"openEventStream drives REAL recorded claude stream-json lines through as verbatim chat payloads","status":"passed","title":"drives REAL recorded claude stream-json lines through as verbatim chat payloads","duration":4.5102079999999205,"failureMessages":[],"meta":{}},{"ancestorTitles":["openEventStream"],"fullName":"openEventStream drives the mcp_tool_success recording through unchanged too","status":"passed","title":"drives the mcp_tool_success recording through unchanged too","duration":1.6496660000000247,"failureMessages":[],"meta":{}},{"ancestorTitles":["openEventStream"],"fullName":"openEventStream reassembles frames split across chunk boundaries (the real network case)","status":"passed","title":"reassembles frames split across chunk boundaries (the real network case)","duration":1.2757500000000164,"failureMessages":[],"meta":{}},{"ancestorTitles":["openEventStream"],"fullName":"openEventStream tolerates a keepalive-only stream (no frames, no throw)","status":"passed","title":"tolerates a keepalive-only stream (no frames, no throw)","duration":1.3113329999999905,"failureMessages":[],"meta":{}},{"ancestorTitles":["openEventStream"],"fullName":"openEventStream surfaces a workspace-less chat token as a 403 `forbidden` — and does not retry it","status":"passed","title":"surfaces a workspace-less chat token as a 403 `forbidden` — and does not retry it","duration":4.442250000000058,"failureMessages":[],"meta":{}},{"ancestorTitles":["openEventStream"],"fullName":"openEventStream surfaces a missing bearer as 401 without retrying","status":"passed","title":"surfaces a missing bearer as 401 without retrying","duration":5.929332999999929,"failureMessages":[],"meta":{}},{"ancestorTitles":["openEventStream"],"fullName":"openEventStream 403s the real workspace-less token against the default handler","status":"passed","title":"403s the real workspace-less token against the default handler","duration":2.042500000000018,"failureMessages":[],"meta":{}},{"ancestorTitles":["openEventStream"],"fullName":"openEventStream yields a permission frame verbatim without an id","status":"passed","title":"yields a permission frame verbatim without an id","duration":0.6924999999999955,"failureMessages":[],"meta":{}}],"startTime":1783997432928,"endTime":1783997433044.6924,"status":"passed","message":"","name":"/Volumes/SATECHI/github/barkpark/.claude/worktrees/wf_5038b4f1-66a-39/connectors/test/sse.test.ts"},{"assertionResults":[{"ancestorTitles":["teams connector — registration shape (D42)"],"fullName":"teams connector — registration shape (D42) declares payload-team-id routing and NO oauth credential surface","status":"passed","title":"declares payload-team-id routing and NO oauth credential surface","duration":0.8652079999999387,"failureMessages":[],"meta":{}},{"ancestorTitles":["teams connector — registration shape (D42)"],"fullName":"teams connector — registration shape (D42) registers as one ordinary channel entry","status":"passed","title":"registers as one ordinary channel entry","duration":0.16583300000002055,"failureMessages":[],"meta":{}},{"ancestorTitles":["teams connector — registration shape (D42)"],"fullName":"teams connector — registration shape (D42) mounts an adapter for an install with credential_ref NULL","status":"passed","title":"mounts an adapter for an install with credential_ref NULL","duration":2.667207999999846,"failureMessages":[],"meta":{}},{"ancestorTitles":["teams tenant derivation — ONE function, no confused deputy"],"fullName":"teams tenant derivation — ONE function, no confused deputy uses conversation.tenantId in preference to channelData.tenant.id","status":"passed","title":"uses conversation.tenantId in preference to channelData.tenant.id","duration":0.12249999999994543,"failureMessages":[],"meta":{}},{"ancestorTitles":["teams tenant derivation — ONE function, no confused deputy"],"fullName":"teams tenant derivation — ONE function, no confused deputy falls back to channelData.tenant.id when the conversation carries none","status":"passed","title":"falls back to channelData.tenant.id when the conversation carries none","duration":0.05070900000009715,"failureMessages":[],"meta":{}},{"ancestorTitles":["teams tenant derivation — ONE function, no confused deputy"],"fullName":"teams tenant derivation — ONE function, no confused deputy reads the activity through the SDK Message's `raw` — zero core change","status":"passed","title":"reads the activity through the SDK Message's `raw` — zero core change","duration":0.06137499999999818,"failureMessages":[],"meta":{}},{"ancestorTitles":["teams tenant derivation — ONE function, no confused deputy"],"fullName":"teams tenant derivation — ONE function, no confused deputy returns null for every unreadable shape rather than guessing","status":"passed","title":"returns null for every unreadable shape rather than guessing","duration":0.1885420000000977,"failureMessages":[],"meta":{}},{"ancestorTitles":["teams tenant derivation — ONE function, no confused deputy"],"fullName":"teams tenant derivation — ONE function, no confused deputy backs webhook.extractInstallKey and resolveTenant with the SAME function","status":"passed","title":"backs webhook.extractInstallKey and resolveTenant with the SAME function","duration":0.2477089999999862,"failureMessages":[],"meta":{}},{"ancestorTitles":["teams tenant routing — fail closed"],"fullName":"teams tenant routing — fail closed routes each Microsoft tenant to ITS OWN workspace","status":"passed","title":"routes each Microsoft tenant to ITS OWN workspace","duration":0.41620899999998073,"failureMessages":[],"meta":{}},{"ancestorTitles":["teams tenant routing — fail closed"],"fullName":"teams tenant routing — fail closed drops an activity from an org that has not installed the app","status":"passed","title":"drops an activity from an org that has not installed the app","duration":0.08287500000005821,"failureMessages":[],"meta":{}},{"ancestorTitles":["teams tenant routing — fail closed"],"fullName":"teams tenant routing — fail closed drops an activity with no tenant id at all","status":"passed","title":"drops an activity with no tenant id at all","duration":0.11687500000016371,"failureMessages":[],"meta":{}},{"ancestorTitles":["teams webhook — fail-closed 401 (the honest human gate)"],"fullName":"teams webhook — fail-closed 401 (the honest human gate) rejects an activity with no Bot Framework JWT, before any handler runs","status":"passed","title":"rejects an activity with no Bot Framework JWT, before any handler runs","duration":4.529625000000124,"failureMessages":[],"meta":{}},{"ancestorTitles":["teams installs against a REAL Postgres — credential_ref NULL (D42)"],"fullName":"teams installs against a REAL Postgres — credential_ref NULL (D42) reads a NULL-credential Teams install back through the REAL SQL","status":"passed","title":"reads a NULL-credential Teams install back through the REAL SQL","duration":7.740624999999909,"failureMessages":[],"meta":{}},{"ancestorTitles":["teams installs against a REAL Postgres — credential_ref NULL (D42)"],"fullName":"teams installs against a REAL Postgres — credential_ref NULL (D42) LISTS Teams installs at boot — the mount path that would otherwise be empty","status":"passed","title":"LISTS Teams installs at boot — the mount path that would otherwise be empty","duration":5.145457999999962,"failureMessages":[],"meta":{}},{"ancestorTitles":["teams installs against a REAL Postgres — credential_ref NULL (D42)"],"fullName":"teams installs against a REAL Postgres — credential_ref NULL (D42) still routes each tenant to its own workspace, and drops a stranger","status":"passed","title":"still routes each tenant to its own workspace, and drops a stranger","duration":3.23050000000012,"failureMessages":[],"meta":{}},{"ancestorTitles":["teams installs against a REAL Postgres — credential_ref NULL (D42)"],"fullName":"teams installs against a REAL Postgres — credential_ref NULL (D42) STILL fails closed on a row with no workspace — the rule that actually protects tenants","status":"passed","title":"STILL fails closed on a row with no workspace — the rule that actually protects tenants","duration":7.400958000000173,"failureMessages":[],"meta":{}}],"startTime":1783997434069,"endTime":1783997435127.401,"status":"passed","message":"","name":"/Volumes/SATECHI/github/barkpark/.claude/worktrees/wf_5038b4f1-66a-39/connectors/test/teams-connector.test.ts"},{"assertionResults":[{"ancestorTitles":["telegram connector — registration shape"],"fullName":"telegram connector — registration shape declares direction=channel, auth=token, tenantResolution=credential-bound","status":"passed","title":"declares direction=channel, auth=token, tenantResolution=credential-bound","duration":2.3621669999999995,"failureMessages":[],"meta":{}},{"ancestorTitles":["telegram connector — registration shape"],"fullName":"telegram connector — registration shape registers into the registry as an ordinary channel connector","status":"passed","title":"registers into the registry as an ordinary channel connector","duration":0.7690830000000233,"failureMessages":[],"meta":{}},{"ancestorTitles":["telegram connector — registration shape"],"fullName":"telegram connector — registration shape refuses a duplicate registration instead of silently overwriting","status":"passed","title":"refuses a duplicate registration instead of silently overwriting","duration":0.5174169999999094,"failureMessages":[],"meta":{}},{"ancestorTitles":["telegram connector — registration shape"],"fullName":"telegram connector — registration shape builds a real @chat-adapter/telegram adapter from the install credential","status":"passed","title":"builds a real @chat-adapter/telegram adapter from the install credential","duration":0.29720799999995506,"failureMessages":[],"meta":{}},{"ancestorTitles":["telegram connector — registration shape"],"fullName":"telegram connector — registration shape exposes a listen/stopListening lifecycle so the core never names the channel","status":"passed","title":"exposes a listen/stopListening lifecycle so the core never names the channel","duration":0.05958399999997255,"failureMessages":[],"meta":{}},{"ancestorTitles":["telegram connector — registration shape"],"fullName":"telegram connector — registration shape derives the install key from the bot token's non-secret half","status":"passed","title":"derives the install key from the bot token's non-secret half","duration":0.10470899999995709,"failureMessages":[],"meta":{}},{"ancestorTitles":["telegram connector — tenant resolution (credential-bound, fail closed)"],"fullName":"telegram connector — tenant resolution (credential-bound, fail closed) resolves the workspace that owns the bot","status":"passed","title":"resolves the workspace that owns the bot","duration":0.24474999999995362,"failureMessages":[],"meta":{}},{"ancestorTitles":["telegram connector — tenant resolution (credential-bound, fail closed)"],"fullName":"telegram connector — tenant resolution (credential-bound, fail closed) returns null for a bot nobody installed — never a default workspace","status":"passed","title":"returns null for a bot nobody installed — never a default workspace","duration":0.10720900000001166,"failureMessages":[],"meta":{}},{"ancestorTitles":["telegram connector — tenant resolution (credential-bound, fail closed)"],"fullName":"telegram connector — tenant resolution (credential-bound, fail closed) returns null when the transport could not say which bot received it","status":"passed","title":"returns null when the transport could not say which bot received it","duration":0.12762499999996635,"failureMessages":[],"meta":{}}],"startTime":1783997434685,"endTime":1783997434690.1277,"status":"passed","message":"","name":"/Volumes/SATECHI/github/barkpark/.claude/worktrees/wf_5038b4f1-66a-39/connectors/test/telegram-connector.test.ts"},{"assertionResults":[{"ancestorTitles":["tenant routing — credential-bound (Telegram)"],"fullName":"tenant routing — credential-bound (Telegram) routes an inbound event to the workspace that owns the bot","status":"passed","title":"routes an inbound event to the workspace that owns the bot","duration":2.1564579999999864,"failureMessages":[],"meta":{}},{"ancestorTitles":["tenant routing — credential-bound 
[...]
ut is consumed","status":"passed","title":"fires onAck on the 202, before any model output is consumed","duration":0.42166599999995924,"failureMessages":[],"meta":{}},{"ancestorTitles":["runTurn — ack-first (D21)"],"fullName":"runTurn — ack-first (D21) does NOT post an ack message — the ack is a hook, not a second post (D12)","status":"passed","title":"does NOT post an ack message — the ack is a hook, not a second post (D12)","duration":0.12391700000000583,"failureMessages":[],"meta":{}},{"ancestorTitles":["runTurn — timeouts"],"fullName":"runTurn — timeouts converts a hung turn into a typed TurnTimeoutError","status":"passed","title":"converts a hung turn into a typed TurnTimeoutError","duration":53.64666699999998,"failureMessages":[],"meta":{}}],"startTime":1783997434088,"endTime":1783997434144.6467,"status":"passed","message":"","name":"/Volumes/SATECHI/github/barkpark/.claude/worktrees/wf_5038b4f1-66a-39/connectors/test/turn-loop.test.ts"},{"assertionResults":[{"ancestorTitles":["webhook seam — per-install routing"],"fullName":"webhook seam — per-install routing routes install A's URL to A's OWN Chat and never B's","status":"passed","title":"routes install A's URL to A's OWN Chat and never B's","duration":20.412124999999833,"failureMessages":[],"meta":{}},{"ancestorTitles":["webhook seam — per-install routing"],"fullName":"webhook seam — per-install routing routes install B's URL to B's OWN Chat and never A's","status":"passed","title":"routes install B's URL to B's OWN Chat and never A's","duration":9.35095900000033,"failureMessages":[],"meta":{}},{"ancestorTitles":["webhook seam — per-install routing"],"fullName":"webhook seam — per-install routing routes a payload-keyed (Slack) event by its team_id, to that team's Chat","status":"passed","title":"routes a payload-keyed (Slack) event by its team_id, to that team's Chat","duration":8.87520799999993,"failureMessages":[],"meta":{}},{"ancestorTitles":["webhook seam — per-install routing"],"fullName":"webhook seam — per-install routing hands the handler off the INSTALL ROW: a workspace mismatch yields no handler","status":"passed","title":"hands the handler off the INSTALL ROW: a workspace mismatch yields no handler","duration":0.4145840000001044,"failureMessages":[],"meta":{}},{"ancestorTitles":["webhook seam — per-install routing"],"fullName":"webhook seam — per-install routing refuses to mount a Chat built from the wrong connector","status":"passed","title":"refuses to mount a Chat built from the wrong connector","duration":0.4958329999999478,"failureMessages":[],"meta":{}},{"ancestorTitles":["webhook seam — fail-closed demux (one opaque 404)"],"fullName":"webhook seam — fail-closed demux (one opaque 404) answers the SAME opaque 404 for unknown key / unmounted install / half-row / unknown provider / poll-only channel, and never invokes an adapter","status":"passed","title":"answers the SAME opaque 404 for unknown key / unmounted install / half-row / unknown provider / poll-only channel, and never invokes an adapter","duration":8.62279099999978,"failureMessages":[],"meta":{}},{"ancestorTitles":["webhook seam — fail-closed demux (one opaque 404)"],"fullName":"webhook seam — fail-closed demux (one opaque 404) 404s a Slack event whose team_id is absent, unknown, or unparseable","status":"passed","title":"404s a Slack event whose team_id is absent, unknown, or unparseable","duration":9.021958000000268,"failureMessages":[],"meta":{}},{"ancestorTitles":["webhook seam — fail-closed demux (one opaque 404)"],"fullName":"webhook seam — fail-closed demux (one opaque 404) 404s a LITERAL dot-segment target sent over a raw socket (fetch would normalise it away)","status":"passed","title":"404s a LITERAL dot-segment target sent over a raw socket (fetch would normalise it away)","duration":2.066667000000052,"failureMessages":[],"meta":{}},{"ancestorTitles":["webhook seam — fail-closed demux (one opaque 404)"],"fullName":"webhook seam — fail-closed demux (one opaque 404) 405s a method outside the GET/POST allowlist, and says which are allowed","status":"passed","title":"405s a method outside the GET/POST allowlist, and says which are allowed","duration":2.6001249999999345,"failureMessages":[],"meta":{}},{"ancestorTitles":["webhook seam — the provider's contract"],"fullName":"webhook seam — the provider's contract passes waitUntil, and returns the ack WITHOUT waiting for the turn","status":"passed","title":"passes waitUntil, and returns the ack WITHOUT waiting for the turn","duration":4.548958000000312,"failureMessages":[],"meta":{}},{"ancestorTitles":["webhook seam — the provider's contract"],"fullName":"webhook seam — the provider's contract allows GET so WhatsApp's hub.challenge verification handshake can be answered","status":"passed","title":"allows GET so WhatsApp's hub.challenge verification handshake can be answered","duration":4.345208000000184,"failureMessages":[],"meta":{}},{"ancestorTitles":["webhook seam — the provider's contract"],"fullName":"webhook seam — the provider's contract hands the adapter the EXACT wire bytes on a single read, even after demuxing on the body","status":"passed","title":"hands the adapter the EXACT wire bytes on a single read, even after demuxing on the body","duration":3.188333000000057,"failureMessages":[],"meta":{}},{"ancestorTitles":["webhook seam — the provider's contract"],"fullName":"webhook seam — the provider's contract gives the adapter the PUBLIC https URL behind a plain-http proxy socket","status":"passed","title":"gives the adapter the PUBLIC https URL behind a plain-http proxy socket","duration":3.833958000000166,"failureMessages":[],"meta":{}},{"ancestorTitles":["webhook seam — the provider's contract"],"fullName":"webhook seam — the provider's contract owns the FULL path — Caddy does not strip the prefix","status":"passed","title":"owns the FULL path — Caddy does not strip the prefix","duration":5.412708999999722,"failureMessages":[],"meta":{}},{"ancestorTitles":["webhook seam — liveness and the tenant-less handshake"],"fullName":"webhook seam — liveness and the tenant-less handshake answers GET {prefix}/health with 200 and nothing a stranger could use","status":"passed","title":"answers GET {prefix}/health with 200 and nothing a stranger could use","duration":1.1724169999997684,"failureMessages":[],"meta":{}},{"ancestorTitles":["webhook seam — liveness and the tenant-less handshake"],"fullName":"webhook seam — liveness and the tenant-less handshake refuses a POST to /health — a health check is a GET","status":"passed","title":"refuses a POST to /health — a health check is a GET","duration":1.0764580000000024,"failureMessages":[],"meta":{}},{"ancestorTitles":["webhook seam — liveness and the tenant-less handshake"],"fullName":"webhook seam — liveness and the tenant-less handshake answers Slack's url_verification challenge with NO install and NO tenant","status":"passed","title":"answers Slack's url_verification challenge with NO install and NO tenant","duration":4.7121250000000146,"failureMessages":[],"meta":{}},{"ancestorTitles":["webhook seam — liveness and the tenant-less handshake"],"fullName":"webhook seam — liveness and the tenant-less handshake still 404s an unkeyed body that is NOT a handshake (the hook cannot shadow real traffic)","status":"passed","title":"still 404s an unkeyed body that is NOT a handshake (the hook cannot shadow real traffic)","duration":4.074125000000095,"failureMessages":[],"meta":{}},{"ancestorTitles":["webhook seam — liveness and the tenant-less handshake"],"fullName":"webhook seam — liveness and the tenant-less handshake a connector with NO handleUnkeyed 404s an unkeyed body — absent hook leaks nothing","status":"passed","title":"a connector with NO handleUnkeyed 404s an unkeyed body — absent hook leaks nothing","duration":3.076665999999932,"failureMessages":[],"meta":{}},{"ancestorTitles":["webhook seam — hostile bodies and broken adapters"],"fullName":"webhook seam — hostile bodies and broken adapters rejects an over-cap DECLARED content-length with a 413 the provider actually receives","status":"passed","title":"rejects an over-cap DECLARED content-length with a 413 the provider actually receives","duration":3.9782500000001164,"failureMessages":[],"meta":{}},{"ancestorTitles":["webhook seam — hostile bodies and broken adapters"],"fullName":"webhook seam — hostile bodies and broken adapters rejects an over-cap CHUNKED body (no content-length to check) while still draining it","status":"passed","title":"rejects an over-cap CHUNKED body (no content-length to check) while still draining it","duration":2.099499999999807,"failureMessages":[],"meta":{}},{"ancestorTitles":["webhook seam — hostile bodies and broken adapters"],"fullName":"webhook seam — hostile bodies and broken adapters answers 500 opaquely when an adapter throws, leaks nothing, and keeps serving","status":"passed","title":"answers 500 opaquely when an adapter throws, leaks nothing, and keeps serving","duration":6.7617089999998825,"failureMessages":[],"meta":{}},{"ancestorTitles":["webhook seam — dynamic mount/unmount (no restart)"],"fullName":"webhook seam — dynamic mount/unmount (no restart) an install mounted AFTER boot is routable without a restart","status":"passed","title":"an install mounted AFTER boot is routable without a restart","duration":9.213416999999936,"failureMessages":[],"meta":{}},{"ancestorTitles":["webhook seam — dynamic mount/unmount (no restart)"],"fullName":"webhook seam — dynamic mount/unmount (no restart) an unmounted install answers the same opaque 404 as an unknown one","status":"passed","title":"an unmounted install answers the same opaque 404 as an unknown one","duration":2.6058750000001965,"failureMessages":[],"meta":{}},{"ancestorTitles":["webhook seam — through startBridge (real Postgres)"],"fullName":"webhook seam — through startBridge (real Postgres) boots with zero installs, then routes an install added by an OAuth callback — no restart","status":"passed","title":"boots with zero installs, then routes an install added by an OAuth callback — no restart","duration":38.32658399999991,"failureMessages":[],"meta":{}}],"startTime":1783997435101,"endTime":1783997435643.3267,"status":"passed","message":"","name":"/Volumes/SATECHI/github/barkpark/.claude/worktrees/wf_5038b4f1-66a-39/connectors/test/webhook-server.test.ts"},{"assertionResults":[{"ancestorTitles":["whatsapp connector — registration shape (D43)"],"fullName":"whatsapp connector — registration shape (D43) declares credential-bound routing with a PATH install key","status":"passed","title":"declares credential-bound routing with a PATH install key","duration":4.15033399999993,"failureMessages":[],"meta":{}},{"ancestorTitles":["whatsapp connector — registration shape (D43)"],"fullName":"whatsapp connector — registration shape (D43) registers as one ordinary channel entry","status":"passed","title":"registers as one ordinary channel entry","duration":0.5153750000000628,"failureMessages":[],"meta":{}},{"ancestorTitles":["whatsapp connector — registration shape (D43)"],"fullName":"whatsapp connector — registration shape (D43) refuses to mount an install with no credential — never falls back to WHATSAPP_* env","status":"passed","title":"refuses to mount an install with no credential — never falls back to WHATSAPP_* env","duration":1.5049999999999955,"failureMessages":[],"meta":{}},{"ancestorTitles":["whatsapp install key — the phone_number_id, read once"],"fullName":"whatsapp install key — the phone_number_id, read once reads it from the raw Meta webhook body","status":"passed","title":"reads it from the raw Meta webhook body","duration":0.16499999999996362,"failureMessages":[],"meta":{}},{"ancestorTitles":["whatsapp install key — the phone_number_id, read once"],"fullName":"whatsapp install key — the phone_number_id, read once reads it from the SDK message's raw WhatsAppRawMessage","status":"passed","title":"reads it from the SDK message's raw WhatsAppRawMessage","duration":0.12712500000009186,"failureMessages":[],"meta":{}},{"ancestorTitles":["whatsapp install key — the phone_number_id, read once"],"fullName":"whatsapp install key — the phone_number_id, read once fails closed on an unreadable body","status":"passed","title":"fails closed on an unreadable body","duration":0.09166699999991579,"failureMessages":[],"meta":{}},{"ancestorTitles":["whatsapp install key — the phone_number_id, read once"],"fullName":"whatsapp install key — the phone_number_id, read once cross-checks the path key against the body, and drops a mismatch","status":"passed","title":"cross-checks the path key against the body, and drops a mismatch","duration":0.09025000000008276,"failureMessages":[],"meta":{}},{"ancestorTitles":["whatsapp install key — the phone_number_id, read once"],"fullName":"whatsapp install key — the phone_number_id, read once converts the inbound unix-SECONDS timestamp to epoch ms for the window policy","status":"passed","title":"converts the inbound unix-SECONDS timestamp to epoch ms for the window policy","duration":0.08954199999993762,"failureMessages":[],"meta":{}},{"ancestorTitles":["whatsapp tenant routing — credential-bound, fail closed"],"fullName":"whatsapp tenant routing — credential-bound, fail closed routes each phone_number_id to ITS OWN workspace","status":"passed","title":"routes each phone_number_id to ITS OWN workspace","duration":1.70212499999991,"failureMessages":[],"meta":{}},{"ancestorTitles":["whatsapp tenant routing — credential-bound, fail closed"],"fullName":"whatsapp tenant routing — credential-bound, fail closed drops an event whose install key is unknown or missing","status":"passed","title":"drops an event whose install key is unknown or missing","duration":0.1157500000000482,"failureMessages":[],"meta":{}},{"ancestorTitles":["whatsapp webhook — the GET handshake and the HMAC gate"],"fullName":"whatsapp webhook — the GET handshake and the HMAC gate answers the Meta verification challenge with 200 + the challenge, for the RIGHT token","status":"passed","title":"answers the Meta verification challenge with 200 + the challenge, for the RIGHT token","duration":4.156166999999982,"failureMessages":[],"meta":{}},{"ancestorTitles":["whatsapp webhook — the GET handshake and the HMAC gate"],"fullName":"whatsapp webhook — the GET handshake and the HMAC gate refuses the challenge for a WRONG verify token (403)","status":"passed","title":"refuses the challenge for a WRONG verify token (403)","duration":0.5704160000000229,"failureMessages":[],"meta":{}},{"ancestorTitles":["whatsapp webhook — the GET handshake and the HMAC gate"],"fullName":"whatsapp webhook — the GET handshake and the HMAC gate rejects a POST with a bad HMAC (401)","status":"passed","title":"rejects a POST with a bad HMAC (401)","duration":6.373458000000028,"failureMessages":[],"meta":{}},{"ancestorTitles":["whatsapp webhook — the GET handshake and the HMAC gate"],"fullName":"whatsapp webhook — the GET handshake and the HMAC gate rejects a POST with NO signature at all (401)","status":"passed","title":"rejects a POST with NO signature at all (401)","duration":2.214083999999957,"failureMessages":[],"meta":{}},{"ancestorTitles":["whatsapp — CROSS-TENANT negative (mandatory)"],"fullName":"whatsapp — CROSS-TENANT negative (mandatory) REJECTS a body signed with install A's app secret when it reaches install B","status":"passed","title":"REJECTS a body signed with install A's app secret when it reaches install B","duration":14.879167000000052,"failureMessages":[],"meta":{}},{"ancestorTitles":["whatsapp — CROSS-TENANT negative (mandatory)"],"fullName":"whatsapp — CROSS-TENANT negative (mandatory) keeps each install's verify token to itself","status":"passed","title":"keeps each install's verify token to itself","duration":0.9834579999999278,"failureMessages":[],"meta":{}}],"startTime":1783997432904,"endTime":1783997432941.9834,"status":"passed","message":"","name":"/Volumes/SATECHI/github/barkpark/.claude/worktrees/wf_5038b4f1-66a-39/connectors/test/whatsapp-connector.test.ts"},{"assertionResults":[{"ancestorTitles":["decideWhatsappWindow — the pure policy"],"fullName":"decideWhatsappWindow — the pure policy allows a free-form message inside the window","status":"passed","title":"allows a free-form message inside the window","duration":0.6087080000000071,"failureMessages":[],"meta":{}},{"ancestorTitles":["decideWhatsappWindow — the pure policy"],"fullName":"decideWhatsappWindow — the pure policy refuses a free-form message outside the window","status":"passed","title":"refuses a free-form message outside the window","duration":0.15433400000000574,"failureMessages":[],"meta":{}},{"ancestorTitles":["decideWhatsappWindow — the pure policy"],"fullName":"decideWhatsappWindow — the pure policy closes EXACTLY at 24h — one millisecond either side","status":"passed","title":"closes EXACTLY at 24h — one millisecond either side","duration":0.10420799999999986,"failureMessages":[],"meta":{}},{"ancestorTitles":["decideWhatsappWindow — the pure policy"],"fullName":"decideWhatsappWindow — the pure policy treats an UNKNOWN last-inbound as CLOSED, never as 'probably fine'","status":"passed","title":"treats an UNKNOWN last-inbound as CLOSED, never as 'probably fine'","duration":0.1154589999999871,"failureMessages":[],"meta":{}},{"ancestorTitles":["decideWhatsappWindow — the pure policy"],"fullName":"decideWhatsappWindow — the pure policy does not let a skewed clock silently CLOSE an open window","status":"passed","title":"does not let a skewed clock silently CLOSE an open window","duration":0.04991699999999355,"failureMessages":[],"meta":{}},{"ancestorTitles":["sendWhatsappWithinWindow — never auto-substitutes a template"],"fullName":"sendWhatsappWithinWindow — never auto-substitutes a template posts free-form inside the window","status":"passed","title":"posts free-form inside the window","duration":0.968166999999994,"failureMessages":[],"meta":{}},{"ancestorTitles":["sendWhatsappWithinWindow — never auto-substitutes a template"],"fullName":"sendWhatsappWithinWindow — never auto-substitutes a template REFUSES the free-form send outside the window and returns a typed drop","status":"passed","title":"REFUSES the free-form send outside the window and returns a typed drop","duration":0.13045900000000188,"failureMessages":[],"meta":{}},{"ancestorTitles":["sendWhatsappWithinWindow — never auto-substitutes a template"],"fullName":"sendWhatsappWithinWindow — never auto-substitutes a template sends a template outside the window ONLY when the caller explicitly supplies one","status":"passed","title":"sends a template outside the window ONLY when the caller explicitly supplies one","duration":1.7043749999999989,"failureMessages":[],"meta":{}},{"ancestorTitles":["sendWhatsappWithinWindow — never auto-substitutes a template"],"fullName":"sendWhatsappWithinWindow — never auto-substitutes a template drops rather than sends when the thread has never had an inbound","status":"passed","title":"drops rather than sends when the thread has never had an inbound","duration":1.0666249999999877,"failureMessages":[],"meta":{}},{"ancestorTitles":["the window store — keyed by (workspace_id, thread_id)"],"fullName":"the window store — keyed by (workspace_id, thread_id) does not let one workspace's inbound open another's window","status":"passed","title":"does not let one workspace's inbound open another's window","duration":0.5814579999999978,"failureMessages":[],"meta":{}},{"ancestorTitles":["the window store — keyed by (workspace_id, thread_id)"],"fullName":"the window store — keyed by (workspace_id, thread_id) never moves the window BACKWARDS on an out-of-order webhook","status":"passed","title":"never moves the window BACKWARDS on an out-of-order webhook","duration":0.2511250000000018,"failureMessages":[],"meta":{}}],"startTime":1783997434275,"endTime":1783997434281.2512,"status":"passed","message":"","name":"/Volumes/SATECHI/github/barkpark/.claude/worktrees/wf_5038b4f1-66a-39/connectors/test/whatsapp-window.test.ts"}]}